<?xml version="1.0" encoding="UTF-8"?>
<!-- Generated by org.testng.reporters.JUnitReportReporter -->
<testsuite hostname="Ashishs-MacBook-Pro.local" failures="0" tests="1" name="testRunner.TestingTestRun" time="28.299" errors="0" timestamp="2022-02-22T23:21:13 IST" skipped="0">
  <testcase classname="testRunner.TestingTestRun" name="runScenario" time="28.299"/>
  <system-out/>
</testsuite> <!-- testRunner.TestingTestRun -->
